<html>
<head>
<title>TestNG:  Surefire test</title>
<link href="../testng.css" rel="stylesheet" type="text/css" />
<link href="../my-testng.css" rel="stylesheet" type="text/css" />

<style type="text/css">
.log { display: none;} 
.stack-trace { display: none;} 
</style>
<script type="text/javascript">
<!--
function flip(e) {
  current = e.style.display;
  if (current == 'block') {
    e.style.display = 'none';
    return 0;
  }
  else {
    e.style.display = 'block';
    return 1;
  }
}

function toggleBox(szDivId, elem, msg1, msg2)
{
  var res = -1;  if (document.getElementById) {
    res = flip(document.getElementById(szDivId));
  }
  else if (document.all) {
    // this is the way old msie versions work
    res = flip(document.all[szDivId]);
  }
  if(elem) {
    if(res == 0) elem.innerHTML = msg1; else elem.innerHTML = msg2;
  }

}

function toggleAllBoxes() {
  if (document.getElementsByTagName) {
    d = document.getElementsByTagName('div');
    for (i = 0; i < d.length; i++) {
      if (d[i].className == 'log') {
        flip(d[i]);
      }
    }
  }
}

// -->
</script>

</head>
<body>
<h2 align='center'>Surefire test</h2><table border='1' align="center">
<tr>
<td>Tests passed/Failed/Skipped:</td><td>13/3/0</td>
</tr><tr>
<td>Started on:</td><td>Sat May 21 18:49:54 EET 2022</td>
</tr>
<tr><td>Total time:</td><td>344 seconds (344354 ms)</td>
</tr><tr>
<td>Included groups:</td><td></td>
</tr><tr>
<td>Excluded groups:</td><td></td>
</tr>
</table><p/>
<small><i>(Hover the method name to see the test class name)</i></small><p/>
<table width='100%' border='1' class='invocation-failed'>
<tr><td colspan='4' align='center'><b>FAILED TESTS</b></td></tr>
<tr><td><b>Test method</b></td>
<td width="30%"><b>Exception</b></td>
<td width="10%"><b>Time (seconds)</b></td>
<td><b>Instance</b></td>
</tr>
<tr>
<td title='org.example.Runners.TestRunner.runScenario()'><b>runScenario</b><br>Test class: org.example.Runners.TestRunner<br>Test method: Runs Cucumber Scenarios<br>Parameters: "first slider is clickable on home page", "users shall be able to open sliders in home page"</td>
<td><div><pre>java.lang.AssertionError: expected [https://demo.nopcommerce.com/nokia-lumia-1020] but found [https://demo.nopcommerce.com/]
	at org.example.stepDefinitions.HomeSlidersStepDefinition.firstSliderIsDisplayed(HomeSlidersStepDefinition.java:17)
	at ?.first slider&apos;s relative product page shall be displayed(file:///C:/Users/rm02206/Desktop/Java%20Projects/nopcommerceAutomationTesting/src/main/resources/Features/F06_HomeSliders.feature:8)
... Removed 6 stack frames</pre></div><a href='#' onClick='toggleBox("stack-trace904808047", this, "Click to show all stack frames", "Click to hide stack frames")'>Click to show all stack frames</a>
<div class='stack-trace' id='stack-trace904808047'><pre>java.lang.AssertionError: expected [https://demo.nopcommerce.com/nokia-lumia-1020] but found [https://demo.nopcommerce.com/]
	at org.testng.Assert.fail(Assert.java:110)
	at org.testng.Assert.failNotEquals(Assert.java:1413)
	at org.testng.Assert.assertEqualsImpl(Assert.java:149)
	at org.testng.Assert.assertEquals(Assert.java:131)
	at org.testng.Assert.assertEquals(Assert.java:655)
	at org.testng.Assert.assertEquals(Assert.java:665)
	at org.example.stepDefinitions.HomeSlidersStepDefinition.firstSliderIsDisplayed(HomeSlidersStepDefinition.java:17)
	at ?.first slider&apos;s relative product page shall be displayed(file:///C:/Users/rm02206/Desktop/Java%20Projects/nopcommerceAutomationTesting/src/main/resources/Features/F06_HomeSliders.feature:8)
</pre></div></td>
<td>8</td>
<td>org.example.Runners.TestRunner@2353b3e6</td></tr>
<tr>
<td title='org.example.Runners.TestRunner.runScenario()'><b>runScenario</b><br>Test class: org.example.Runners.TestRunner<br>Test method: Runs Cucumber Scenarios<br>Parameters: "second slider is clickable on home page", "users shall be able to open sliders in home page"</td>
<td><div><pre>org.openqa.selenium.ElementNotInteractableException: element not interactable
  (Session info: chrome=101.0.4951.54)
Build info: version: &apos;4.1.4&apos;, revision: &apos;535d840ee2&apos;
System info: host: &apos;RM02206-PC22&apos;, ip: &apos;192.168.1.8&apos;, os.name: &apos;Windows 11&apos;, os.arch: &apos;amd64&apos;, os.version: &apos;10.0&apos;, java.version: &apos;1.8.0_331&apos;
Driver info: org.openqa.selenium.chrome.ChromeDriver
Command: [5629a2ca88e4b2afd8dce4a2034ffcaa, clickElement {id=1275f67e-279c-485a-a6f5-a72fd8bf4069}]
Capabilities {acceptInsecureCerts: false, browserName: chrome, browserVersion: 101.0.4951.54, chrome: {chromedriverVersion: 101.0.4951.41 (93c720db8323..., userDataDir: C:\Users\rm02206\AppData\Lo...}, goog:chromeOptions: {debuggerAddress: localhost:63358}, javascriptEnabled: true, networkConnectionEnabled: false, pageLoadStrategy: normal, platform: WINDOWS, platformName: WINDOWS, proxy: Proxy(), se:cdp: ws://localhost:63358/devtoo..., se:cdpVersion: 101.0.4951.54, setWindowRect: true, strictFileInteractability: false, timeouts: {implicit: 0, pageLoad: 300000, script: 30000}, unhandledPromptBehavior: dismiss and notify, webauthn:extension:credBlob: true, webauthn:extension:largeBlob: true, webauthn:virtualAuthenticators: true}
Element: [[ChromeDriver: chrome on WINDOWS (5629a2ca88e4b2afd8dce4a2034ffcaa)] -&gt; xpath: (// a[@href=&quot;http://demo.nopcommerce.com/&quot;])[2]]
Session ID: 5629a2ca88e4b2afd8dce4a2034ffcaa
	at org.openqa.selenium.remote.codec.w3c.W3CHttpResponseCodec.createException(W3CHttpResponseCodec.java:200)
	at org.openqa.selenium.remote.codec.w3c.W3CHttpResponseCodec.decode(W3CHttpResponseCodec.java:133)
	at org.openqa.selenium.remote.codec.w3c.W3CHttpResponseCodec.decode(W3CHttpResponseCodec.java:53)
	at org.openqa.selenium.remote.HttpCommandExecutor.execute(HttpCommandExecutor.java:184)
	at org.openqa.selenium.remote.service.DriverCommandExecutor.invokeExecute(DriverCommandExecutor.java:167)
	at org.openqa.selenium.remote.service.DriverCommandExecutor.execute(DriverCommandExecutor.java:142)
	at org.openqa.selenium.remote.RemoteWebDriver.execute(RemoteWebDriver.java:567)
	at org.openqa.selenium.remote.RemoteWebElement.execute(RemoteWebElement.java:251)
	at org.openqa.selenium.remote.RemoteWebElement.click(RemoteWebElement.java:77)
	at org.example.stepDefinitions.HomeSlidersStepDefinition.clickSecondSlider(HomeSlidersStepDefinition.java:22)
	at ?.user clicks on second slider(file:///C:/Users/rm02206/Desktop/Java%20Projects/nopcommerceAutomationTesting/src/main/resources/Features/F06_HomeSliders.feature:12)
... Removed 4 stack frames</pre></div><a href='#' onClick='toggleBox("stack-trace1732005742", this, "Click to show all stack frames", "Click to hide stack frames")'>Click to show all stack frames</a>
<div class='stack-trace' id='stack-trace1732005742'><pre>org.openqa.selenium.ElementNotInteractableException: element not interactable
  (Session info: chrome=101.0.4951.54)
Build info: version: &apos;4.1.4&apos;, revision: &apos;535d840ee2&apos;
System info: host: &apos;RM02206-PC22&apos;, ip: &apos;192.168.1.8&apos;, os.name: &apos;Windows 11&apos;, os.arch: &apos;amd64&apos;, os.version: &apos;10.0&apos;, java.version: &apos;1.8.0_331&apos;
Driver info: org.openqa.selenium.chrome.ChromeDriver
Command: [5629a2ca88e4b2afd8dce4a2034ffcaa, clickElement {id=1275f67e-279c-485a-a6f5-a72fd8bf4069}]
Capabilities {acceptInsecureCerts: false, browserName: chrome, browserVersion: 101.0.4951.54, chrome: {chromedriverVersion: 101.0.4951.41 (93c720db8323..., userDataDir: C:\Users\rm02206\AppData\Lo...}, goog:chromeOptions: {debuggerAddress: localhost:63358}, javascriptEnabled: true, networkConnectionEnabled: false, pageLoadStrategy: normal, platform: WINDOWS, platformName: WINDOWS, proxy: Proxy(), se:cdp: ws://localhost:63358/devtoo..., se:cdpVersion: 101.0.4951.54, setWindowRect: true, strictFileInteractability: false, timeouts: {implicit: 0, pageLoad: 300000, script: 30000}, unhandledPromptBehavior: dismiss and notify, webauthn:extension:credBlob: true, webauthn:extension:largeBlob: true, webauthn:virtualAuthenticators: true}
Element: [[ChromeDriver: chrome on WINDOWS (5629a2ca88e4b2afd8dce4a2034ffcaa)] -&gt; xpath: (// a[@href=&quot;http://demo.nopcommerce.com/&quot;])[2]]
Session ID: 5629a2ca88e4b2afd8dce4a2034ffcaa
	at sun.reflect.NativeConstructorAccessorImpl.newInstance0(Native Method)
	at sun.reflect.NativeConstructorAccessorImpl.newInstance(NativeConstructorAccessorImpl.java:62)
	at sun.reflect.DelegatingConstructorAccessorImpl.newInstance(DelegatingConstructorAccessorImpl.java:45)
	at java.lang.reflect.Constructor.newInstance(Constructor.java:423)
	at org.openqa.selenium.remote.codec.w3c.W3CHttpResponseCodec.createException(W3CHttpResponseCodec.java:200)
	at org.openqa.selenium.remote.codec.w3c.W3CHttpResponseCodec.decode(W3CHttpResponseCodec.java:133)
	at org.openqa.selenium.remote.codec.w3c.W3CHttpResponseCodec.decode(W3CHttpResponseCodec.java:53)
	at org.openqa.selenium.remote.HttpCommandExecutor.execute(HttpCommandExecutor.java:184)
	at org.openqa.selenium.remote.service.DriverCommandExecutor.invokeExecute(DriverCommandExecutor.java:167)
	at org.openqa.selenium.remote.service.DriverCommandExecutor.execute(DriverCommandExecutor.java:142)
	at org.openqa.selenium.remote.RemoteWebDriver.execute(RemoteWebDriver.java:567)
	at org.openqa.selenium.remote.RemoteWebElement.execute(RemoteWebElement.java:251)
	at org.openqa.selenium.remote.RemoteWebElement.click(RemoteWebElement.java:77)
	at org.example.stepDefinitions.HomeSlidersStepDefinition.clickSecondSlider(HomeSlidersStepDefinition.java:22)
	at ?.user clicks on second slider(file:///C:/Users/rm02206/Desktop/Java%20Projects/nopcommerceAutomationTesting/src/main/resources/Features/F06_HomeSliders.feature:12)
</pre></div></td>
<td>14</td>
<td>org.example.Runners.TestRunner@2353b3e6</td></tr>
<tr>
<td title='org.example.Runners.TestRunner.runScenario()'><b>runScenario</b><br>Test class: org.example.Runners.TestRunner<br>Test method: Runs Cucumber Scenarios<br>Parameters: "user opens rss link", "users could open followUs links"</td>
<td><div><pre>java.lang.IndexOutOfBoundsException: Index: 1, Size: 1
	at java.util.ArrayList.rangeCheck(ArrayList.java:659)
	at java.util.ArrayList.get(ArrayList.java:435)
	at org.example.stepDefinitions.FollowUsStepDefinition.rssWindowHandler(FollowUsStepDefinition.java:56)
	at ?.nopCommerce rss url shall be opened in new tab(file:///C:/Users/rm02206/Desktop/Java%20Projects/nopcommerceAutomationTesting/src/main/resources/Features/F07_FollowUs.feature:16)
</pre></div><a href='#' onClick='toggleBox("stack-trace1074868579", this, "Click to show all stack frames", "Click to hide stack frames")'>Click to show all stack frames</a>
<div class='stack-trace' id='stack-trace1074868579'><pre>java.lang.IndexOutOfBoundsException: Index: 1, Size: 1
	at java.util.ArrayList.rangeCheck(ArrayList.java:659)
	at java.util.ArrayList.get(ArrayList.java:435)
	at org.example.stepDefinitions.FollowUsStepDefinition.rssWindowHandler(FollowUsStepDefinition.java:56)
	at ?.nopCommerce rss url shall be opened in new tab(file:///C:/Users/rm02206/Desktop/Java%20Projects/nopcommerceAutomationTesting/src/main/resources/Features/F07_FollowUs.feature:16)
</pre></div></td>
<td>107</td>
<td>org.example.Runners.TestRunner@2353b3e6</td></tr>
</table><p>
<table width='100%' border='1' class='invocation-passed'>
<tr><td colspan='4' align='center'><b>PASSED TESTS</b></td></tr>
<tr><td><b>Test method</b></td>
<td width="30%"><b>Exception</b></td>
<td width="10%"><b>Time (seconds)</b></td>
<td><b>Instance</b></td>
</tr>
<tr>
<td title='org.example.Runners.TestRunner.runScenario()'><b>runScenario</b><br>Test class: org.example.Runners.TestRunner<br>Test method: Runs Cucumber Scenarios<br>Parameters: "user could hover on categories", "user could hover categories and select sub category"</td>
<td></td>
<td>12</td>
<td>org.example.Runners.TestRunner@2353b3e6</td></tr>
<tr>
<td title='org.example.Runners.TestRunner.runScenario()'><b>runScenario</b><br>Test class: org.example.Runners.TestRunner<br>Test method: Runs Cucumber Scenarios<br>Parameters: "user opens youtube link", "users could open followUs links"</td>
<td></td>
<td>11</td>
<td>org.example.Runners.TestRunner@2353b3e6</td></tr>
<tr>
<td title='org.example.Runners.TestRunner.runScenario()'><b>runScenario</b><br>Test class: org.example.Runners.TestRunner<br>Test method: Runs Cucumber Scenarios<br>Parameters: "user opens twitter link", "users could open followUs links"</td>
<td></td>
<td>26</td>
<td>org.example.Runners.TestRunner@2353b3e6</td></tr>
<tr>
<td title='org.example.Runners.TestRunner.runScenario()'><b>runScenario</b><br>Test class: org.example.Runners.TestRunner<br>Test method: Runs Cucumber Scenarios<br>Parameters: "user could search using product name", "users shall be able to search for products with different parameters"</td>
<td></td>
<td>31</td>
<td>org.example.Runners.TestRunner@2353b3e6</td></tr>
<tr>
<td title='org.example.Runners.TestRunner.runScenario()'><b>runScenario</b><br>Test class: org.example.Runners.TestRunner<br>Test method: Runs Cucumber Scenarios<br>Parameters: "number of shopping cart items in home page is increased", "user could add products to shopping cart"</td>
<td></td>
<td>17</td>
<td>org.example.Runners.TestRunner@2353b3e6</td></tr>
<tr>
<td title='org.example.Runners.TestRunner.runScenario()'><b>runScenario</b><br>Test class: org.example.Runners.TestRunner<br>Test method: Runs Cucumber Scenarios<br>Parameters: "success message is visible after adding product to wishlist", "user could add products to wishlist"</td>
<td></td>
<td>7</td>
<td>org.example.Runners.TestRunner@2353b3e6</td></tr>
<tr>
<td title='org.example.Runners.TestRunner.runScenario()'><b>runScenario</b><br>Test class: org.example.Runners.TestRunner<br>Test method: Runs Cucumber Scenarios<br>Parameters: "number of wishlist items in home page is increased", "user could add products to wishlist"</td>
<td></td>
<td>11</td>
<td>org.example.Runners.TestRunner@2353b3e6</td></tr>
<tr>
<td title='org.example.Runners.TestRunner.runScenario()'><b>runScenario</b><br>Test class: org.example.Runners.TestRunner<br>Test method: Runs Cucumber Scenarios<br>Parameters: "guest user could Login with valid credentials", "guest user could Login with valid credentials"</td>
<td></td>
<td>15</td>
<td>org.example.Runners.TestRunner@2353b3e6</td></tr>
<tr>
<td title='org.example.Runners.TestRunner.runScenario()'><b>runScenario</b><br>Test class: org.example.Runners.TestRunner<br>Test method: Runs Cucumber Scenarios<br>Parameters: "user register with valid data", "guest user could register with valid data successfully"</td>
<td></td>
<td>33</td>
<td>org.example.Runners.TestRunner@2353b3e6</td></tr>
<tr>
<td title='org.example.Runners.TestRunner.runScenario()'><b>runScenario</b><br>Test class: org.example.Runners.TestRunner<br>Test method: Runs Cucumber Scenarios<br>Parameters: "user opens facebook link", "users could open followUs links"</td>
<td></td>
<td>11</td>
<td>org.example.Runners.TestRunner@2353b3e6</td></tr>
<tr>
<td title='org.example.Runners.TestRunner.runScenario()'><b>runScenario</b><br>Test class: org.example.Runners.TestRunner<br>Test method: Runs Cucumber Scenarios<br>Parameters: "success message is visible after adding product to shopping cart", "user could add products to shopping cart"</td>
<td></td>
<td>6</td>
<td>org.example.Runners.TestRunner@2353b3e6</td></tr>
<tr>
<td title='org.example.Runners.TestRunner.runScenario()'><b>runScenario</b><br>Test class: org.example.Runners.TestRunner<br>Test method: Runs Cucumber Scenarios<br>Parameters: "guest user could switch between currencies [$, €]", "guest user could switch between currencies [$, €]"</td>
<td></td>
<td>9</td>
<td>org.example.Runners.TestRunner@2353b3e6</td></tr>
<tr>
<td title='org.example.Runners.TestRunner.runScenario()'><b>runScenario</b><br>Test class: org.example.Runners.TestRunner<br>Test method: Runs Cucumber Scenarios<br>Parameters: "user could search using sku", "users shall be able to search for products with different parameters"</td>
<td></td>
<td>17</td>
<td>org.example.Runners.TestRunner@2353b3e6</td></tr>
</table><p>
</body>
</html>