<?xml version="1.0" encoding="UTF-8"?>
<testsuite xmlns:xsi="http://www.w3.org/2001/XMLSchema-instance" xsi:noNamespaceSchemaLocation="https://maven.apache.org/surefire/maven-surefire-plugin/xsd/surefire-test-report.xsd" name="org.example.Runners.TestRunner" time="347.273" tests="16" errors="0" skipped="0" failures="3">
  <properties>
[...]
</properties>
  <testcase name="runScenario" classname="org.example.Runners.TestRunner" time="33.368"/>
  <testcase name="runScenario" classname="org.example.Runners.TestRunner" time="15.188"/>
  <testcase name="runScenario" classname="org.example.Runners.TestRunner" time="9.644"/>
  <testcase name="runScenario" classname="org.example.Runners.TestRunner" time="12.608"/>
  <testcase name="runScenario" classname="org.example.Runners.TestRunner" time="31.404"/>
  <testcase name="runScenario" classname="org.example.Runners.TestRunner" time="17.279"/>
  <testcase name="runScenario" classname="org.example.Runners.TestRunner" time="8.408">
    <failure message="expected [https://demo.nopcommerce.com/nokia-lumia-1020] but found [https://demo.nopcommerce.com/]" type="java.lang.AssertionError">java.lang.AssertionError: expected [https://demo.nopcommerce.com/nokia-lumia-1020] but found [https://demo.nopcommerce.com/]
</failure>
    <system-err><![CDATA[Starting ChromeDriver 101.0.4951.41 (93c720db8323b3ec10d056025ab95c23a31997c9-refs/branch-heads/4951@{#904}) on port 49684
Only local connections are allowed.
Please see https://chromedriver.chromium.org/security-considerations for suggestions on keeping ChromeDriver safe.
ChromeDriver was started successfully.
May 21, 2022 6:51:58 PM org.openqa.selenium.remote.ProtocolHandshake createSession
INFO: Detected dialect: W3C
May 21, 2022 6:51:58 PM org.openqa.selenium.devtools.CdpVersionFinder findNearestMatch
INFO: Found exact CDP implementation for version 101
]]></system-err>
  </testcase>
  <testcase name="runScenario" classname="org.example.Runners.TestRunner" time="14.392">
    <failure message="element not interactable&#10;  (Session info: chrome=101.0.4951.54)&#10;Build info: version: &apos;4.1.4&apos;, revision: &apos;535d840ee2&apos;&#10;System info: host: &apos;RM02206-PC22&apos;, ip: &apos;192.168.1.8&apos;, os.name: &apos;Windows 11&apos;, os.arch: &apos;amd64&apos;, os.version: &apos;10.0&apos;, java.version: &apos;1.8.0_331&apos;&#10;Driver info: org.openqa.selenium.chrome.ChromeDriver&#10;Command: [5629a2ca88e4b2afd8dce4a2034ffcaa, clickElement {id=1275f67e-279c-485a-a6f5-a72fd8bf4069}]&#10;Capabilities {acceptInsecureCerts: false, browserName: chrome, browserVersion: 101.0.4951.54, chrome: {chromedriverVersion: 101.0.4951.41 (93c720db8323..., userDataDir: C:\Users\rm02206\AppData\Lo...}, goog:chromeOptions: {debuggerAddress: localhost:63358}, javascriptEnabled: true, networkConnectionEnabled: false, pageLoadStrategy: normal, platform: WINDOWS, platformName: WINDOWS, proxy: Proxy(), se:cdp: ws://localhost:63358/devtoo..., se:cdpVersion: 101.0.4951.54, setWindowRect: true, strictFileInteractability: false, timeouts: {implicit: 0, pageLoad: 300000, script: 30000}, unhandledPromptBehavior: dismiss and notify, webauthn:extension:credBlob: true, webauthn:extension:largeBlob: true, webauthn:virtualAuthenticators: true}&#10;Element: [[ChromeDriver: chrome on WINDOWS (5629a2ca88e4b2afd8dce4a2034ffcaa)] -&gt; xpath: (// a[@href=&quot;http://demo.nopcommerce.com/&quot;])[2]]&#10;Session ID: 5629a2ca88e4b2afd8dce4a2034ffcaa" type="org.openqa.selenium.ElementNotInteractableException">org.openqa.selenium.ElementNotInteractableException: 
element not interactable
  (Session info: chrome=101.0.4951.54)
Build info: version: '4.1.4', revision: '535d840ee2'
System info: host: 'RM02206-PC22', ip: '192.168.1.8', os.name: 'Windows 11', os.arch: 'amd64', os.version: '10.0', java.version: '1.8.0_331'
Driver info: org.openqa.selenium.chrome.ChromeDriver
Command: [5629a2ca88e4b2afd8dce4a2034ffcaa, clickElement {id=1275f67e-279c-485a-a6f5-a72fd8bf4069}]
Capabilities {acceptInsecureCerts: false, browserName: chrome, browserVersion: 101.0.4951.54, chrome: {chromedriverVersion: 101.0.4951.41 (93c720db8323..., userDataDir: C:\Users\rm02206\AppData\Lo...}, goog:chromeOptions: {debuggerAddress: localhost:63358}, javascriptEnabled: true, networkConnectionEnabled: false, pageLoadStrategy: normal, platform: WINDOWS, platformName: WINDOWS, proxy: Proxy(), se:cdp: ws://localhost:63358/devtoo..., se:cdpVersion: 101.0.4951.54, setWindowRect: true, strictFileInteractability: false, timeouts: {implicit: 0, pageLoad: 300000, script: 30000}, unhandledPromptBehavior: dismiss and notify, webauthn:extension:credBlob: true, webauthn:extension:largeBlob: true, webauthn:virtualAuthenticators: true}
Element: [[ChromeDriver: chrome on WINDOWS (5629a2ca88e4b2afd8dce4a2034ffcaa)] -> xpath: (// a[@href="http://demo.nopcommerce.com/"])[2]]
Session ID: 5629a2ca88e4b2afd8dce4a2034ffcaa
</failure>
    <system-out><![CDATA[
@Smoke
Scenario: user register with valid data     &amp#27;[90m# src/main/resources/Features/F01_Register.feature:3&amp#27;[0m
  &amp#27;[32mGiven &amp#27;[0m&amp#27;[32muser click on register tab&amp#27;[0m          &amp#27;[90m# org.example.stepDefinitions.RegistrationStepDefinition.clickOnRegisterTab()&amp#27;[0m
  &amp#27;[32mAnd &amp#27;[0m&amp#27;[32mnavigates to registration page&amp#27;[0m        &amp#27;[90m# org.example.stepDefinitions.RegistrationStepDefinition.registrationPage()&amp#27;[0m
  &amp#27;[32mWhen &amp#27;[0m&amp#27;[32muser use valid data in registration&amp#27;[0m  &amp#27;[90m# org.example.stepDefinitions.RegistrationStepDefinition.fillRegistrationData()&amp#27;[0m
  &amp#27;[32mAnd &amp#27;[0m&amp#27;[32mclick on register button&amp#27;[0m              &amp#27;[90m# org.example.stepDefinitions.RegistrationStepDefinition.clickOnRegisterButton()&amp#27;[0m
  &amp#27;[32mThen &amp#27;[0m&amp#27;[32muser redirected to confirmation page&amp#27;[0m &amp#27;[90m# org.example.stepDefinitions.RegistrationStepDefinition.confirmationPage()&amp#27;[0m
  &amp#27;[32mAnd &amp#27;[0m&amp#27;[32muser registered successfully&amp#27;[0m          &amp#27;[90m# org.example.stepDefinitions.RegistrationStepDefinition.successfullyRegister()&amp#27;[0m

@Smoke
Scenario: guest user could Login with valid credentials                                     &amp#27;[90m# src/main/resources/Features/F02_Login.feature:4&amp#27;[0m
  &amp#27;[32mGiven &amp#27;[0m&amp#27;[32muser click on login tab&amp#27;[0m                                                             &amp#27;[90m# org.example.stepDefinitions.LoginStepDefinition.clickOnLoginTab()&amp#27;[0m
  &amp#27;[32mAnd &amp#27;[0m&amp#27;[32mnavigates to login page&amp#27;[0m                                                               &amp#27;[90m# org.example.stepDefinitions.LoginStepDefinition.loginPage()&amp#27;[0m
  &amp#27;[32mWhen &amp#27;[0m&amp#27;[32muser enter "&amp#27;[0m&amp#27;[32m&amp#27;[1mtest3@gmail.com&amp#27;[0m&amp#27;[32m" and "&amp#27;[0m&amp#27;[32m&amp#27;[1mP@ssw0rd&amp#27;[0m&amp#27;[32m"&amp#27;[0m                                          &amp#27;[90m# org.example.stepDefinitions.LoginStepDefinition.fillLoginData(java.lang.String,java.lang.String)&amp#27;[0m
  &amp#27;[32mAnd &amp#27;[0m&amp#27;[32muser click on login button&amp#27;[0m                                                            &amp#27;[90m# org.example.stepDefinitions.LoginStepDefinition.clickOnRegisterButton()&amp#27;[0m
  &amp#27;[32mThen &amp#27;[0m&amp#27;[32muser could login successfully by going to home page and “My account” tab isDisplayed&amp#27;[0m &amp#27;[90m# org.example.stepDefinitions.LoginStepDefinition.confirmationPage()&amp#27;[0m

@Smoke
Scenario: guest user could switch between currencies [$, €]     &amp#27;[90m# src/main/resources/Features/F03_SwitchCurrencies.feature:4&amp#27;[0m
  &amp#27;[32mGiven &amp#27;[0m&amp#27;[32muser is in home page&amp#27;[0m                                    &amp#27;[90m# org.example.stepDefinitions.SwitchCurrencies.homePage()&amp#27;[0m
  &amp#27;[32mThen &amp#27;[0m&amp#27;[32muser can click on drop down list and select the currency&amp#27;[0m &amp#27;[90m# org.example.stepDefinitions.SwitchCurrencies.selectCurrency()&amp#27;[0m

@Smoke
Scenario: user could hover on categories          &amp#27;[90m# src/main/resources/Features/F04_HoverCategories.feature:4&amp#27;[0m
  &amp#27;[32mWhen &amp#27;[0m&amp#27;[32muser hover category and select subcategory&amp#27;[0m &amp#27;[90m# org.example.stepDefinitions.HoverCategoriesStepDefinition.userHoverCategory()&amp#27;[0m
  &amp#27;[32mThen &amp#27;[0m&amp#27;[32mopen sub-category page&amp#27;[0m                     &amp#27;[90m# org.example.stepDefinitions.HoverCategoriesStepDefinition.subCategoryPage()&amp#27;[0m

@Smoke
Scenario: user could search using product name                        &amp#27;[90m# src/main/resources/Features/F05_Search.feature:4&amp#27;[0m
  &amp#27;[32mGiven &amp#27;[0m&amp#27;[32muser in home page&amp#27;[0m                                             &amp#27;[90m# org.example.stepDefinitions.SearchStepDefinition.homePage()&amp#27;[0m
  &amp#27;[32mAnd &amp#27;[0m&amp#27;[32mclick on search field link&amp#27;[0m                                      &amp#27;[90m# org.example.stepDefinitions.SearchStepDefinition.clickOnSearchLink()&amp#27;[0m
  &amp#27;[32mWhen &amp#27;[0m&amp#27;[32muser redirected to search page&amp#27;[0m                                 &amp#27;[90m# org.example.stepDefinitions.SearchStepDefinition.searchPage()&amp#27;[0m
  &amp#27;[32mAnd &amp#27;[0m&amp#27;[32muser type the search keyword "&amp#27;[0m&amp#27;[32m&amp#27;[1mApple&amp#27;[0m&amp#27;[32m" and click on search button&amp#27;[0m &amp#27;[90m# org.example.stepDefinitions.SearchStepDefinition.searchAndClickSearchButton(java.lang.String)&amp#27;[0m
  &amp#27;[32mThen &amp#27;[0m&amp#27;[32mresults size is more than zero&amp#27;[0m                                 &amp#27;[90m# org.example.stepDefinitions.SearchStepDefinition.searchResult()&amp#27;[0m

@Smoke
Scenario: user could search using sku                                     &amp#27;[90m# src/main/resources/Features/F05_Search.feature:14&amp#27;[0m
  &amp#27;[32mGiven &amp#27;[0m&amp#27;[32muser in home page&amp#27;[0m                                                 &amp#27;[90m# org.example.stepDefinitions.SearchStepDefinition.homePage()&amp#27;[0m
  &amp#27;[32mAnd &amp#27;[0m&amp#27;[32mclick on search field link&amp#27;[0m                                          &amp#27;[90m# org.example.stepDefinitions.SearchStepDefinition.clickOnSearchLink()&amp#27;[0m
  &amp#27;[32mWhen &amp#27;[0m&amp#27;[32muser redirected to search page&amp#27;[0m                                     &amp#27;[90m# org.example.stepDefinitions.SearchStepDefinition.searchPage()&amp#27;[0m
  &amp#27;[32mAnd &amp#27;[0m&amp#27;[32muser type the search keyword "&amp#27;[0m&amp#27;[32m&amp#27;[1mAP_MBP_13&amp#27;[0m&amp#27;[32m" and click on search button&amp#27;[0m &amp#27;[90m# org.example.stepDefinitions.SearchStepDefinition.searchAndClickSearchButton(java.lang.String)&amp#27;[0m
  &amp#27;[32mThen &amp#27;[0m&amp#27;[32mresults size is more than zero&amp#27;[0m                                     &amp#27;[90m# org.example.stepDefinitions.SearchStepDefinition.searchResult()&amp#27;[0m

@Smoke
Scenario: first slider is clickable on home page               &amp#27;[90m# src/main/resources/Features/F06_HomeSliders.feature:4&amp#27;[0m
  &amp#27;[32mWhen &amp#27;[0m&amp#27;[32muser clicks on first slider&amp#27;[0m                             &amp#27;[90m# org.example.stepDefinitions.HomeSlidersStepDefinition.clickFirstSlider()&amp#27;[0m
  &amp#27;[31mThen &amp#27;[0m&amp#27;[31mfirst slider's relative product page shall be displayed&amp#27;[0m &amp#27;[90m# org.example.stepDefinitions.HomeSlidersStepDefinition.firstSliderIsDisplayed()&amp#27;[0m
      &amp#27;[31mjava.lang.AssertionError: expected [https://demo.nopcommerce.com/nokia-lumia-1020] but found [https://demo.nopcommerce.com/]
	at org.testng.Assert.fail(Assert.java:110)
	at org.testng.Assert.failNotEquals(Assert.java:1413)
	at org.testng.Assert.assertEqualsImpl(Assert.java:149)
	at org.testng.Assert.assertEquals(Assert.java:131)
	at org.testng.Assert.assertEquals(Assert.java:655)
	at org.testng.Assert.assertEquals(Assert.java:665)
	at org.example.stepDefinitions.HomeSlidersStepDefinition.firstSliderIsDisplayed(HomeSlidersStepDefinition.java:17)
	at ✽.first slider's relative product page shall be displayed(file:///C:/Users/rm02206/Desktop/Java%20Projects/nopcommerceAutomationTesting/src/main/resources/Features/F06_HomeSliders.feature:8)
&amp#27;[0m

@Smoke
Scenario: second slider is clickable on home page               &amp#27;[90m# src/main/resources/Features/F06_HomeSliders.feature:10&amp#27;[0m
  &amp#27;[31mWhen &amp#27;[0m&amp#27;[31muser clicks on second slider&amp#27;[0m                             &amp#27;[90m# org.example.stepDefinitions.HomeSlidersStepDefinition.clickSecondSlider()&amp#27;[0m
      &amp#27;[31morg.openqa.selenium.ElementNotInteractableException: element not interactable
  (Session info: chrome=101.0.4951.54)
Build info: version: '4.1.4', revision: '535d840ee2'
System info: host: 'RM02206-PC22', ip: '192.168.1.8', os.name: 'Windows 11', os.arch: 'amd64', os.version: '10.0', java.version: '1.8.0_331'
Driver info: org.openqa.selenium.chrome.ChromeDriver
Command: [5629a2ca88e4b2afd8dce4a2034ffcaa, clickElement {id=1275f67e-279c-485a-a6f5-a72fd8bf4069}]
Capabilities {acceptInsecureCerts: false, browserName: chrome, browserVersion: 101.0.4951.54, chrome: {chromedriverVersion: 101.0.4951.41 (93c720db8323..., userDataDir: C:\Users\rm02206\AppData\Lo...}, goog:chromeOptions: {debuggerAddress: localhost:63358}, javascriptEnabled: true, networkConnectionEnabled: false, pageLoadStrategy: normal, platform: WINDOWS, platformName: WINDOWS, proxy: Proxy(), se:cdp: ws://localhost:63358/devtoo..., se:cdpVersion: 101.0.4951.54, setWindowRect: true, strictFileInteractability: false, timeouts: {implicit: 0, pageLoad: 300000, script: 30000}, unhandledPromptBehavior: dismiss and notify, webauthn:extension:credBlob: true, webauthn:extension:largeBlob: true, webauthn:virtualAuthenticators: true}
Element: [[ChromeDriver: chrome on WINDOWS (5629a2ca88e4b2afd8dce4a2034ffcaa)] -> xpath: (// a[@href="http://demo.nopcommerce.com/"])[2]]
Session ID: 5629a2ca88e4b2afd8dce4a2034ffcaa
	at sun.reflect.NativeConstructorAccessorImpl.newInstance0(Native Method)
	at sun.reflect.NativeConstructorAccessorImpl.newInstance(NativeCo]]></system-out>
    <system-err><![CDATA[Starting ChromeDriver 101.0.4951.41 (93c720db8323b3ec10d056025ab95c23a31997c9-refs/branch-heads/4951@{#904}) on port 59456
Only local connections are allowed.
Please see https://chromedriver.chromium.org/security-considerations for suggestions on keeping ChromeDriver safe.
ChromeDriver was started successfully.
May 21, 2022 6:52:06 PM org.openqa.selenium.remote.ProtocolHandshake createSession
INFO: Detected dialect: W3C
May 21, 2022 6:52:06 PM org.openqa.selenium.devtools.CdpVersionFinder findNearestMatch
INFO: Found exact CDP implementation for version 101
]]></system-err>
  </testcase>
  <testcase name="runScenario" classname="org.example.Runners.TestRunner" time="11.808"/>
  <testcase name="runScenario" classname="org.example.Runners.TestRunner" time="26.587"/>
  <testcase name="runScenario" classname="org.example.Runners.TestRunner" time="107.6">
    <failure message="Index: 1, Size: 1" type="java.lang.IndexOutOfBoundsException">java.lang.IndexOutOfBoundsException: Index: 1, Size: 1
</failure>
    <system-err><![CDATA[Starting ChromeDriver 101.0.4951.41 (93c720db8323b3ec10d056025ab95c23a31997c9-refs/branch-heads/4951@{#904}) on port 52160
Only local connections are allowed.
Please see https://chromedriver.chromium.org/security-considerations for suggestions on keeping ChromeDriver safe.
ChromeDriver was started successfully.
May 21, 2022 6:52:59 PM org.openqa.selenium.remote.ProtocolHandshake createSession
INFO: Detected dialect: W3C
May 21, 2022 6:52:59 PM org.openqa.selenium.devtools.CdpVersionFinder findNearestMatch
INFO: Found exact CDP implementation for version 101
]]></system-err>
  </testcase>
  <testcase name="runScenario" classname="org.example.Runners.TestRunner" time="11.782"/>
  <testcase name="runScenario" classname="org.example.Runners.TestRunner" time="7.252"/>
  <testcase name="runScenario" classname="org.example.Runners.TestRunner" time="11.068"/>
  <testcase name="runScenario" classname="org.example.Runners.TestRunner" time="6.254"/>
  <testcase name="runScenario" classname="org.example.Runners.TestRunner" time="17.055"/>
</testsuite>